# JRE version: OpenJDK Runtime Environment (21.0.9) (build 21.0.9+-14787801-b1163.94)
# Java VM: OpenJDK 64-Bit Server VM (21.0.9+-14787801-b1163.94, mixed mode, tiered, compressed oops, compressed class ptrs, g1 gc, windows-amd64)
GC Precious Log:
 CardTable entry size: 512
 Card Set container configuration: InlinePtr #cards 5 size 8 Array Of Cards #cards 12 size 40 Howl #buckets 4 coarsen threshold 1843 Howl Bitmap #cards 512 size 80 coarsen threshold 460 Card regions per heap region 1 cards per card region 2048
 CPUs: 8 total, 8 available
 Memory: 7455M
 Large Page Support: Disabled
 NUMA Support: Disabled
 Compressed Oops: Enabled (32-bit)
 Heap Region Size: 1M
 Heap Min Capacity: 8M
 Heap Initial Capacity: 118M
 Heap Max Capacity: 2G
 Pre-touch: Disabled
 Parallel Workers: 8
 Concurrent Workers: 2
 Concurrent Refinement Workers: 8
 Periodic GC: Disabled
Heap:
 garbage-first heap   total 396288K, used 270457K [0x0000000080000000, 0x0000000100000000)
  region size 1024K, 7 young (7168K), 7 survivors (7168K)
 Metaspace       used 141509K, committed 143872K, reserved 1179648K
  class space    used 19970K, committed 21120K, reserved 1048576K
GC Heap History (20 events):
Event: 204.250 GC heap after
{Heap after GC invocations=102 (full 0):
 garbage-first heap   total 375808K, used 221543K [0x0000000080000000, 0x0000000100000000)
  region size 1024K, 18 young (18432K), 18 survivors (18432K)
 Metaspace       used 134250K, committed 136704K, reserved 1179648K
  class space    used 18960K, committed 20160K, reserved 1048576K
}
Event: 204.351 GC heap before
{Heap before GC invocations=102 (full 0):
 garbage-first heap   total 375808K, used 222567K [0x0000000080000000, 0x0000000100000000)
  region size 1024K, 19 young (19456K), 18 survivors (18432K)
 Metaspace       used 134251K, committed 136704K, reserved 1179648K
  class space    used 18960K, committed 20160K, reserved 1048576K
}
Event: 204.771 GC heap after
{Heap after GC invocations=103 (full 0):
 garbage-first heap   total 375808K, used 225112K [0x0000000080000000, 0x0000000100000000)
  region size 1024K, 3 young (3072K), 3 survivors (3072K)
 Metaspace       used 134251K, committed 136704K, reserved 1179648K
  class space    used 18960K, committed 20160K, reserved 1048576K
}
Event: 206.167 GC heap before
{Heap before GC invocations=103 (full 0):
 garbage-first heap   total 375808K, used 246616K [0x0000000080000000, 0x0000000100000000)
  region size 1024K, 25 young (25600K), 3 survivors (3072K)
 Metaspace       used 134260K, committed 136704K, reserved 1179648K
  class space    used 18961K, committed 20160K, reserved 1048576K
}
Event: 206.241 GC heap after
{Heap after GC invocations=104 (full 0):
 garbage-first heap   total 375808K, used 237056K [0x0000000080000000, 0x0000000100000000)
  region size 1024K, 4 young (4096K), 4 survivors (4096K)
 Metaspace       used 134260K, committed 136704K, reserved 1179648K
  class space    used 18961K, committed 20160K, reserved 1048576K
}
Event: 208.074 GC heap before
{Heap before GC invocations=105 (full 0):
 garbage-first heap   total 396288K, used 255488K [0x0000000080000000, 0x0000000100000000)
  region size 1024K, 23 young (23552K), 4 survivors (4096K)
 Metaspace       used 134264K, committed 136704K, reserved 1179648K
  class space    used 18961K, committed 20160K, reserved 1048576K
}
Event: 208.100 GC heap after
{Heap after GC invocations=106 (full 0):
 garbage-first heap   total 396288K, used 246294K [0x0000000080000000, 0x0000000100000000)
  region size 1024K, 3 young (3072K), 3 survivors (3072K)
 Metaspace       used 134264K, committed 136704K, reserved 1179648K
  class space    used 18961K, committed 20160K, reserved 1048576K
}
Event: 227.586 GC heap before
{Heap before GC invocations=106 (full 0):
 garbage-first heap   total 396288K, used 275990K [0x0000000080000000, 0x0000000100000000)
  region size 1024K, 31 young (31744K), 3 survivors (3072K)
 Metaspace       used 135493K, committed 137984K, reserved 1179648K
  class space    used 19151K, committed 20352K, reserved 1048576K
}
Event: 227.929 GC heap after
{Heap after GC invocations=107 (full 0):
 garbage-first heap   total 396288K, used 256296K [0x0000000080000000, 0x0000000100000000)
  region size 1024K, 4 young (4096K), 4 survivors (4096K)
 Metaspace       used 135493K, committed 137984K, reserved 1179648K
  class space    used 19151K, committed 20352K, reserved 1048576K
}
Event: 239.565 GC heap before
{Heap before GC invocations=107 (full 0):
 garbage-first heap   total 396288K, used 270632K [0x0000000080000000, 0x0000000100000000)
  region size 1024K, 19 young (19456K), 4 survivors (4096K)
 Metaspace       used 136411K, committed 138816K, reserved 1179648K
  class space    used 19258K, committed 20416K, reserved 1048576K
}
Event: 239.672 GC heap after
{Heap after GC invocations=108 (full 0):
 garbage-first heap   total 396288K, used 257178K [0x0000000080000000, 0x0000000100000000)
  region size 1024K, 1 young (1024K), 1 survivors (1024K)
 Metaspace       used 136411K, committed 138816K, reserved 1179648K
  class space    used 19258K, committed 20416K, reserved 1048576K
}
Event: 253.203 GC heap before
{Heap before GC invocations=108 (full 0):
 garbage-first heap   total 396288K, used 289946K [0x0000000080000000, 0x0000000100000000)
  region size 1024K, 34 young (34816K), 1 survivors (1024K)
 Metaspace       used 138271K, committed 140736K, reserved 1179648K
  class space    used 19494K, committed 20672K, reserved 1048576K
}
Event: 253.292 GC heap after
{Heap after GC invocations=109 (full 0):
 garbage-first heap   total 396288K, used 260389K [0x0000000080000000, 0x0000000100000000)
  region size 1024K, 5 young (5120K), 5 survivors (5120K)
 Metaspace       used 138271K, committed 140736K, reserved 1179648K
  class space    used 19494K, committed 20672K, reserved 1048576K
}
Event: 260.761 GC heap before
{Heap before GC invocations=109 (full 0):
 garbage-first heap   total 396288K, used 284965K [0x0000000080000000, 0x0000000100000000)
  region size 1024K, 30 young (30720K), 5 survivors (5120K)
 Metaspace       used 138616K, committed 141056K, reserved 1179648K
  class space    used 19543K, committed 20736K, reserved 1048576K
}
Event: 260.861 GC heap after
{Heap after GC invocations=110 (full 0):
 garbage-first heap   total 396288K, used 262749K [0x0000000080000000, 0x0000000100000000)
  region size 1024K, 3 young (3072K), 3 survivors (3072K)
 Metaspace       used 138616K, committed 141056K, reserved 1179648K
  class space    used 19543K, committed 20736K, reserved 1048576K
}
Event: 287.857 GC heap before
{Heap before GC invocations=110 (full 0):
 garbage-first heap   total 396288K, used 302685K [0x0000000080000000, 0x0000000100000000)
  region size 1024K, 43 young (44032K), 3 survivors (3072K)
 Metaspace       used 139999K, committed 142400K, reserved 1179648K
  class space    used 19748K, committed 20928K, reserved 1048576K
}
Event: 288.509 GC heap after
{Heap after GC invocations=111 (full 0):
 garbage-first heap   total 396288K, used 264551K [0x0000000080000000, 0x0000000100000000)
  region size 1024K, 5 young (5120K), 5 survivors (5120K)
 Metaspace       used 139999K, committed 142400K, reserved 1179648K
  class space    used 19748K, committed 20928K, reserved 1048576K
}
Event: 296.000 GC heap before
{Heap before GC invocations=111 (full 0):
 garbage-first heap   total 396288K, used 278887K [0x0000000080000000, 0x0000000100000000)
  region size 1024K, 19 young (19456K), 5 survivors (5120K)
 Metaspace       used 140056K, committed 142464K, reserved 1179648K
  class space    used 19756K, committed 20928K, reserved 1048576K
}
Event: 296.435 GC heap after
{Heap after GC invocations=112 (full 0):
 garbage-first heap   total 396288K, used 266618K [0x0000000080000000, 0x0000000100000000)
  region size 1024K, 3 young (3072K), 3 survivors (3072K)
 Metaspace       used 140056K, committed 142464K, reserved 1179648K
  class space    used 19756K, committed 20928K, reserved 1048576K
}
Event: 340.957 GC heap before
{Heap before GC invocations=112 (full 0):
 garbage-first heap   total 396288K, used 339322K [0x0000000080000000, 0x0000000100000000)
  region size 1024K, 75 young (76800K), 3 survivors (3072K)
 Metaspace       used 141509K, committed 143872K, reserved 1179648K
  class space    used 19970K, committed 21120K, reserved 1048576K
}

