# JRE version: OpenJDK Runtime Environment (21.0.9) (build 21.0.9+-14787801-b1163.94)
# Java VM: OpenJDK 64-Bit Server VM (21.0.9+-14787801-b1163.94, mixed mode, tiered, compressed oops, compressed class ptrs, g1 gc, windows-amd64)
GC Precious Log:
 CardTable entry size: 512
 Card Set container configuration: InlinePtr #cards 5 size 8 Array Of Cards #cards 12 size 40 Howl #buckets 4 coarsen threshold 1843 Howl Bitmap #cards 512 size 80 coarsen threshold 460 Card regions per heap region 1 cards per card region 2048
 CPUs: 8 total, 8 available
 Memory: 7455M
 Large Page Support: Disabled
 NUMA Support: Disabled
 Compressed Oops: Enabled (32-bit)
 Heap Region Size: 1M
 Heap Min Capacity: 8M
 Heap Initial Capacity: 118M
 Heap Max Capacity: 2G
 Pre-touch: Disabled
 Parallel Workers: 8
 Concurrent Workers: 2
 Concurrent Refinement Workers: 8
 Periodic GC: Disabled
Heap:
 garbage-first heap   total 432128K, used 298496K [0x0000000080000000, 0x0000000100000000)
  region size 1024K, 11 young (11264K), 11 survivors (11264K)
 Metaspace       used 133779K, committed 136256K, reserved 1179648K
  class space    used 18907K, committed 20096K, reserved 1048576K
GC Heap History (20 events):
Event: 130.533 GC heap after
{Heap after GC invocations=73 (full 0):
 garbage-first heap   total 228352K, used 124279K [0x0000000080000000, 0x0000000100000000)
  region size 1024K, 8 young (8192K), 8 survivors (8192K)
 Metaspace       used 122702K, committed 125120K, reserved 1179648K
  class space    used 17275K, committed 18432K, reserved 1048576K
}
Event: 131.200 GC heap before
{Heap before GC invocations=73 (full 0):
 garbage-first heap   total 228352K, used 194935K [0x0000000080000000, 0x0000000100000000)
  region size 1024K, 79 young (80896K), 8 survivors (8192K)
 Metaspace       used 123042K, committed 125440K, reserved 1179648K
  class space    used 17310K, committed 18432K, reserved 1048576K
}
Event: 131.211 GC heap after
{Heap after GC invocations=74 (full 0):
 garbage-first heap   total 228352K, used 125435K [0x0000000080000000, 0x0000000100000000)
  region size 1024K, 8 young (8192K), 8 survivors (8192K)
 Metaspace       used 123042K, committed 125440K, reserved 1179648K
  class space    used 17310K, committed 18432K, reserved 1048576K
}
Event: 132.515 GC heap before
{Heap before GC invocations=75 (full 0):
 garbage-first heap   total 228352K, used 226811K [0x0000000080000000, 0x0000000100000000)
  region size 1024K, 94 young (96256K), 8 survivors (8192K)
 Metaspace       used 124224K, committed 126656K, reserved 1179648K
  class space    used 17443K, committed 18624K, reserved 1048576K
}
Event: 132.526 GC heap after
{Heap after GC invocations=76 (full 0):
 garbage-first heap   total 241664K, used 145188K [0x0000000080000000, 0x0000000100000000)
  region size 1024K, 12 young (12288K), 12 survivors (12288K)
 Metaspace       used 124224K, committed 126656K, reserved 1179648K
  class space    used 17443K, committed 18624K, reserved 1048576K
}
Event: 133.751 GC heap before
{Heap before GC invocations=76 (full 0):
 garbage-first heap   total 241664K, used 240420K [0x0000000080000000, 0x0000000100000000)
  region size 1024K, 73 young (74752K), 12 survivors (12288K)
 Metaspace       used 127104K, committed 129472K, reserved 1179648K
  class space    used 17839K, committed 19008K, reserved 1048576K
}
Event: 133.783 GC heap after
{Heap after GC invocations=77 (full 0):
 garbage-first heap   total 275456K, used 175371K [0x0000000080000000, 0x0000000100000000)
  region size 1024K, 12 young (12288K), 12 survivors (12288K)
 Metaspace       used 127104K, committed 129472K, reserved 1179648K
  class space    used 17839K, committed 19008K, reserved 1048576K
}
Event: 133.784 GC heap before
{Heap before GC invocations=77 (full 0):
 garbage-first heap   total 275456K, used 176395K [0x0000000080000000, 0x0000000100000000)
  region size 1024K, 14 young (14336K), 12 survivors (12288K)
 Metaspace       used 127104K, committed 129472K, reserved 1179648K
  class space    used 17839K, committed 19008K, reserved 1048576K
}
Event: 133.796 GC heap after
{Heap after GC invocations=78 (full 0):
 garbage-first heap   total 338944K, used 177472K [0x0000000080000000, 0x0000000100000000)
  region size 1024K, 2 young (2048K), 2 survivors (2048K)
 Metaspace       used 127104K, committed 129472K, reserved 1179648K
  class space    used 17839K, committed 19008K, reserved 1048576K
}
Event: 133.798 GC heap before
{Heap before GC invocations=78 (full 0):
 garbage-first heap   total 338944K, used 179520K [0x0000000080000000, 0x0000000100000000)
  region size 1024K, 4 young (4096K), 2 survivors (2048K)
 Metaspace       used 127105K, committed 129472K, reserved 1179648K
  class space    used 17839K, committed 19008K, reserved 1048576K
}
Event: 133.801 GC heap after
{Heap after GC invocations=79 (full 0):
 garbage-first heap   total 338944K, used 178480K [0x0000000080000000, 0x0000000100000000)
  region size 1024K, 2 young (2048K), 2 survivors (2048K)
 Metaspace       used 127105K, committed 129472K, reserved 1179648K
  class space    used 17839K, committed 19008K, reserved 1048576K
}
Event: 135.187 GC heap before
{Heap before GC invocations=80 (full 0):
 garbage-first heap   total 338944K, used 275760K [0x0000000080000000, 0x0000000100000000)
  region size 1024K, 87 young (89088K), 2 survivors (2048K)
 Metaspace       used 127932K, committed 130432K, reserved 1179648K
  class space    used 17951K, committed 19136K, reserved 1048576K
}
Event: 135.227 GC heap after
{Heap after GC invocations=81 (full 0):
 garbage-first heap   total 338944K, used 215040K [0x0000000080000000, 0x0000000100000000)
  region size 1024K, 11 young (11264K), 11 survivors (11264K)
 Metaspace       used 127932K, committed 130432K, reserved 1179648K
  class space    used 17951K, committed 19136K, reserved 1048576K
}
Event: 136.763 GC heap before
{Heap before GC invocations=81 (full 0):
 garbage-first heap   total 338944K, used 286720K [0x0000000080000000, 0x0000000100000000)
  region size 1024K, 75 young (76800K), 11 survivors (11264K)
 Metaspace       used 131102K, committed 133504K, reserved 1179648K
  class space    used 18588K, committed 19776K, reserved 1048576K
}
Event: 136.788 GC heap after
{Heap after GC invocations=82 (full 0):
 garbage-first heap   total 338944K, used 226658K [0x0000000080000000, 0x0000000100000000)
  region size 1024K, 10 young (10240K), 10 survivors (10240K)
 Metaspace       used 131102K, committed 133504K, reserved 1179648K
  class space    used 18588K, committed 19776K, reserved 1048576K
}
Event: 137.389 GC heap before
{Heap before GC invocations=82 (full 0):
 garbage-first heap   total 338944K, used 289122K [0x0000000080000000, 0x0000000100000000)
  region size 1024K, 71 young (72704K), 10 survivors (10240K)
 Metaspace       used 131356K, committed 133888K, reserved 1179648K
  class space    used 18602K, committed 19840K, reserved 1048576K
}
Event: 137.430 GC heap after
{Heap after GC invocations=83 (full 0):
 garbage-first heap   total 338944K, used 259072K [0x0000000080000000, 0x0000000100000000)
  region size 1024K, 9 young (9216K), 9 survivors (9216K)
 Metaspace       used 131356K, committed 133888K, reserved 1179648K
  class space    used 18602K, committed 19840K, reserved 1048576K
}
Event: 137.909 GC heap before
{Heap before GC invocations=83 (full 0):
 garbage-first heap   total 432128K, used 300032K [0x0000000080000000, 0x0000000100000000)
  region size 1024K, 49 young (50176K), 9 survivors (9216K)
 Metaspace       used 131378K, committed 133888K, reserved 1179648K
  class space    used 18608K, committed 19840K, reserved 1048576K
}
Event: 137.941 GC heap after
{Heap after GC invocations=84 (full 0):
 garbage-first heap   total 432128K, used 280064K [0x0000000080000000, 0x0000000100000000)
  region size 1024K, 7 young (7168K), 7 survivors (7168K)
 Metaspace       used 131378K, committed 133888K, reserved 1179648K
  class space    used 18608K, committed 19840K, reserved 1048576K
}
Event: 139.602 GC heap before
{Heap before GC invocations=85 (full 0):
 garbage-first heap   total 432128K, used 374272K [0x0000000080000000, 0x0000000100000000)
  region size 1024K, 81 young (82944K), 7 survivors (7168K)
 Metaspace       used 133779K, committed 136256K, reserved 1179648K
  class space    used 18907K, committed 20096K, reserved 1048576K
}

